<?xml version="1.0" encoding="UTF-8"?>
<!-- Generated by org.testng.reporters.JUnitXMLReporter -->
<testsuite hostname="HPENVY" name="Test" tests="18" failures="2" timestamp="9 Feb 2022 12:25:35 GMT" time="719.844" errors="0">
  <testcase name="Create_Customer" time="34.298" classname="Customer_Portal.Portal_Test"/>
  <testcase name="Add_Services" time="20.867" classname="Customer_Portal.Portal_Test"/>
  <testcase name="Add_Reads" time="118.597" classname="Customer_Portal.Portal_Test"/>
  <testcase name="Bill_Run_Cycle" time="16.136" classname="Customer_Portal.Portal_Test"/>
  <testcase name="Bill_Run" time="83.636" classname="Customer_Portal.Portal_Test"/>
  <testcase name="enablE_Customer_Portal_Services" time="65.629" classname="Customer_Portal.Portal_Test"/>
  <testcase name="Login_Customer_Portal" time="26.115" classname="Customer_Portal.Portal_Test"/>
  <testcase name="Customer_Services" time="19.708" classname="Customer_Portal.Portal_Test">
    <failure type="org.openqa.selenium.InvalidSelectorException" message="invalid selector: Unable to locate an element with the xpath expression .//*[text()=&amp;apos;Success! This meter number is now disconnected. because of the following error:
SyntaxError: Failed to execute &amp;apos;evaluate&amp;apos; on &amp;apos;Document&amp;apos;: The string &amp;apos;.//*[text()=&amp;apos;Success! This meter number is now disconnected.&amp;apos; is not a valid XPath expression.
  (Session info: chrome=98.0.4758.81)
  (Driver info: chromedriver=2.36.540470 (e522d04694c7ebea4ba8821272dbef4f9b818c91),platform=Windows NT 6.3.9600 x86_64) (WARNING: The server did not provide any stacktrace information)
Command duration or timeout: 53 milliseconds
For documentation on this error, please visit: http://seleniumhq.org/exceptions/invalid_selector_exception.html
Build info: version: &amp;apos;3.0.1&amp;apos;, revision: &amp;apos;1969d75&amp;apos;, time: &amp;apos;2016-10-18 09:49:13 -0700&amp;apos;
System info: host: &amp;apos;HPENVY&amp;apos;, ip: &amp;apos;172.16.5.221&amp;apos;, os.name: &amp;apos;Windows 8.1&amp;apos;, os.arch: &amp;apos;amd64&amp;apos;, os.version: &amp;apos;6.3&amp;apos;, java.version: &amp;apos;1.8.0_171&amp;apos;
Driver info: org.openqa.selenium.chrome.ChromeDriver
Capabilities [{applicationCacheEnabled=false, rotatable=false, mobileEmulationEnabled=false, networkConnectionEnabled=false, chrome={chromedriverVersion=2.36.540470 (e522d04694c7ebea4ba8821272dbef4f9b818c91), userDataDir=C:\Users\Tester\AppData\Local\Temp\scoped_dir3056_31222}, takesHeapSnapshot=true, pageLoadStrategy=normal, databaseEnabled=false, handlesAlerts=true, hasTouchScreen=false, version=98.0.4758.81, platform=WIN8_1, browserConnectionEnabled=false, nativeEvents=true, acceptSslCerts=false, acceptInsecureCerts=false, locationContextEnabled=true, webStorageEnabled=true, browserName=chrome, takesScreenshot=true, javascriptEnabled=true, cssSelectorsEnabled=true, setWindowRect=true, unexpectedAlertBehaviour=}]
Session ID: 4ecdf9917c5588c5fdc974b01e58ce7c
*** Element info: {Using=xpath, value=.//*[text()=&amp;apos;Success! This meter number is now disconnected.}">
      <![CDATA[org.openqa.selenium.InvalidSelectorException: invalid selector: Unable to locate an element with the xpath expression .//*[text()='Success! This meter number is now disconnected. because of the following error:
SyntaxError: Failed to execute 'evaluate' on 'Document': The string './/*[text()='Success! This meter number is now disconnected.' is not a valid XPath expression.
  (Session info: chrome=98.0.4758.81)
  (Driver info: chromedriver=2.36.540470 (e522d04694c7ebea4ba8821272dbef4f9b818c91),platform=Windows NT 6.3.9600 x86_64) (WARNING: The server did not provide any stacktrace information)
Command duration or timeout: 53 milliseconds
For documentation on this error, please visit: http://seleniumhq.org/exceptions/invalid_selector_exception.html
Build info: version: '3.0.1', revision: '1969d75', time: '2016-10-18 09:49:13 -0700'
System info: host: 'HPENVY', ip: '172.16.5.221', os.name: 'Windows 8.1', os.arch: 'amd64', os.version: '6.3', java.version: '1.8.0_171'
Driver info: org.openqa.selenium.chrome.ChromeDriver
Capabilities [{applicationCacheEnabled=false, rotatable=false, mobileEmulationEnabled=false, networkConnectionEnabled=false, chrome={chromedriverVersion=2.36.540470 (e522d04694c7ebea4ba8821272dbef4f9b818c91), userDataDir=C:\Users\Tester\AppData\Local\Temp\scoped_dir3056_31222}, takesHeapSnapshot=true, pageLoadStrategy=normal, databaseEnabled=false, handlesAlerts=true, hasTouchScreen=false, version=98.0.4758.81, platform=WIN8_1, browserConnectionEnabled=false, nativeEvents=true, acceptSslCerts=false, acceptInsecureCerts=false, locationContextEnabled=true, webStorageEnabled=true, browserName=chrome, takesScreenshot=true, javascriptEnabled=true, cssSelectorsEnabled=true, setWindowRect=true, unexpectedAlertBehaviour=}]
Session ID: 4ecdf9917c5588c5fdc974b01e58ce7c
*** Element info: {Using=xpath, value=.//*[text()='Success! This meter number is now disconnected.}
	at org.openqa.selenium.remote.ErrorHandler.createThrowable(ErrorHandler.java:216)
	at org.openqa.selenium.remote.ErrorHandler.throwIfResponseFailed(ErrorHandler.java:168)
	at org.openqa.selenium.remote.RemoteWebDriver.execute(RemoteWebDriver.java:635)
	at org.openqa.selenium.remote.RemoteWebDriver.findElement(RemoteWebDriver.java:368)
	at org.openqa.selenium.remote.RemoteWebDriver.findElementByXPath(RemoteWebDriver.java:473)
	at org.openqa.selenium.By$ByXPath.findElement(By.java:361)
	at org.openqa.selenium.remote.RemoteWebDriver.findElement(RemoteWebDriver.java:360)
	at Customer_Portal.Portal_Test.Customer_Services(Portal_Test.java:499)
... Removed 28 stack frames]]>
    </failure>
  </testcase> <!-- Customer_Services -->
  <testcase name="Customer_Charges" time="8.367" classname="Customer_Portal.Portal_Test"/>
  <testcase name="Customer_Statements" time="16.256" classname="Customer_Portal.Portal_Test"/>
  <testcase name="Customer_Transactions" time="1.722" classname="Customer_Portal.Portal_Test"/>
  <testcase name="Customer_Usage_Profile" time="17.334" classname="Customer_Portal.Portal_Test"/>
  <testcase name="Customer_Account_Details" time="68.698" classname="Customer_Portal.Portal_Test">
    <failure type="java.lang.NullPointerException">
      <![CDATA[java.lang.NullPointerException
	at Customer_Portal.Portal_Test.Customer_Account_Details(Portal_Test.java:660)
... Removed 24 stack frames]]>
    </failure>
  </testcase> <!-- Customer_Account_Details -->
  <testcase name="Customer_Service_Settings" time="9.45" classname="Customer_Portal.Portal_Test"/>
  <testcase name="Help_And_FAQ" time="18.258" classname="Customer_Portal.Portal_Test"/>
  <testcase name="Contact_US" time="19.844" classname="Customer_Portal.Portal_Test"/>
  <testcase name="DisablE_Customer_Portal_Services" time="99.396" classname="Customer_Portal.Portal_Test"/>
  <testcase name="Customer_Portal_Menu" time="20.265" classname="Customer_Portal.Portal_Test"/>
</testsuite> <!-- Test -->
