<html>
<head>
<title>TestNG:  Test</title>
<link href="../testng.css" rel="stylesheet" type="text/css" />
<link href="../my-testng.css" rel="stylesheet" type="text/css" />

<style type="text/css">
.log { display: none;} 
.stack-trace { display: none;} 
</style>
<script type="text/javascript">
<!--
function flip(e) {
  current = e.style.display;
  if (current == 'block') {
    e.style.display = 'none';
    return 0;
  }
  else {
    e.style.display = 'block';
    return 1;
  }
}

function toggleBox(szDivId, elem, msg1, msg2)
{
  var res = -1;  if (document.getElementById) {
    res = flip(document.getElementById(szDivId));
  }
  else if (document.all) {
    // this is the way old msie versions work
    res = flip(document.all[szDivId]);
  }
  if(elem) {
    if(res == 0) elem.innerHTML = msg1; else elem.innerHTML = msg2;
  }

}

function toggleAllBoxes() {
  if (document.getElementsByTagName) {
    d = document.getElementsByTagName('div');
    for (i = 0; i < d.length; i++) {
      if (d[i].className == 'log') {
        flip(d[i]);
      }
    }
  }
}

// -->
</script>

</head>
<body>
<h2 align='center'>Test</h2><table border='1' align="center">
<tr>
<td>Tests passed/Failed/Skipped:</td><td>16/2/0</td>
</tr><tr>
<td>Started on:</td><td>Wed Feb 09 17:43:35 IST 2022</td>
</tr>
<tr><td>Total time:</td><td>719 seconds (719844 ms)</td>
</tr><tr>
<td>Included groups:</td><td></td>
</tr><tr>
<td>Excluded groups:</td><td></td>
</tr>
</table><p/>
<small><i>(Hover the method name to see the test class name)</i></small><p/>
<table width='100%' border='1' class='invocation-failed'>
<tr><td colspan='4' align='center'><b>FAILED TESTS</b></td></tr>
<tr><td><b>Test method</b></td>
<td width="30%"><b>Exception</b></td>
<td width="10%"><b>Time (seconds)</b></td>
<td><b>Instance</b></td>
</tr>
<tr>
<td title='Customer_Portal.Portal_Test.Customer_Account_Details()'><b>Customer_Account_Details</b><br>Test class: Customer_Portal.Portal_Test<br/>
<a href="#Output-1094523823" onClick='toggleBox("Output-1094523823", this, "Show output", "Hide output");'>Show output</a>

<a href="#Output-1094523823" onClick="toggleAllBoxes();">Show all outputs</a>
<div class='log' id="Output-1094523823">
*  CustomeR change password button is not displayed-----Expected condition failed: waiting for element to be clickable: By.xpath: .(//*[@id="content"]/div/div[2]/a/text())[2] (tried for 60 second(s) with 500 MILLISECONDS interval)
Build info: version: '3.0.1', revision: '1969d75', time: '2016-10-18 09:49:13 -0700'
System info: host: 'HPENVY', ip: '172.16.5.221', os.name: 'Windows 8.1', os.arch: 'amd64', os.version: '6.3', java.version: '1.8.0_171'
Driver info: org.openqa.selenium.chrome.ChromeDriver
Capabilities [{applicationCacheEnabled=false, rotatable=false, mobileEmulationEnabled=false, networkConnectionEnabled=false, chrome={chromedriverVersion=2.36.540470 (e522d04694c7ebea4ba8821272dbef4f9b818c91), userDataDir=C:\Users\Tester\AppData\Local\Temp\scoped_dir3056_31222}, takesHeapSnapshot=true, pageLoadStrategy=normal, databaseEnabled=false, handlesAlerts=true, hasTouchScreen=false, version=98.0.4758.81, platform=WIN8_1, browserConnectionEnabled=false, nativeEvents=true, acceptSslCerts=false, acceptInsecureCerts=false, locationContextEnabled=true, webStorageEnabled=true, browserName=chrome, takesScreenshot=true, javascriptEnabled=true, cssSelectorsEnabled=true, setWindowRect=true, unexpectedAlertBehaviour=}]
Session ID: 4ecdf9917c5588c5fdc974b01e58ce7c<br/>
</div>
</td>
<td><div><pre>java.lang.NullPointerException
	at Customer_Portal.Portal_Test.Customer_Account_Details(Portal_Test.java:660)
... Removed 24 stack frames</pre></div><a href='#' onClick='toggleBox("stack-trace1094523823", this, "Click to show all stack frames", "Click to hide stack frames")'>Click to show all stack frames</a>
<div class='stack-trace' id='stack-trace1094523823'><pre>java.lang.NullPointerException
	at Customer_Portal.Portal_Test.Customer_Account_Details(Portal_Test.java:660)
	at sun.reflect.NativeMethodAccessorImpl.invoke0(Native Method)
	at sun.reflect.NativeMethodAccessorImpl.invoke(Unknown Source)
	at sun.reflect.DelegatingMethodAccessorImpl.invoke(Unknown Source)
	at java.lang.reflect.Method.invoke(Unknown Source)
	at org.testng.internal.MethodInvocationHelper.invokeMethod(MethodInvocationHelper.java:80)
	at org.testng.internal.Invoker.invokeMethod(Invoker.java:714)
	at org.testng.internal.Invoker.invokeTestMethod(Invoker.java:901)
	at org.testng.internal.Invoker.invokeTestMethods(Invoker.java:1231)
	at org.testng.internal.TestMethodWorker.invokeTestMethods(TestMethodWorker.java:127)
	at org.testng.internal.TestMethodWorker.run(TestMethodWorker.java:111)
	at org.testng.TestRunner.privateRun(TestRunner.java:767)
	at org.testng.TestRunner.run(TestRunner.java:617)
	at org.testng.SuiteRunner.runTest(SuiteRunner.java:334)
	at org.testng.SuiteRunner.runSequentially(SuiteRunner.java:329)
	at org.testng.SuiteRunner.privateRun(SuiteRunner.java:291)
	at org.testng.SuiteRunner.run(SuiteRunner.java:240)
	at org.testng.SuiteRunnerWorker.runSuite(SuiteRunnerWorker.java:52)
	at org.testng.SuiteRunnerWorker.run(SuiteRunnerWorker.java:86)
	at org.testng.TestNG.runSuitesSequentially(TestNG.java:1198)
	at org.testng.TestNG.runSuitesLocally(TestNG.java:1123)
	at org.testng.TestNG.run(TestNG.java:1031)
	at org.testng.remote.AbstractRemoteTestNG.run(AbstractRemoteTestNG.java:114)
	at org.testng.remote.RemoteTestNG.initAndRun(RemoteTestNG.java:251)
	at org.testng.remote.RemoteTestNG.main(RemoteTestNG.java:77)
</pre></div></td>
<td>68</td>
<td>Customer_Portal.Portal_Test@5b275dab</td></tr>
<tr>
<td title='Customer_Portal.Portal_Test.Customer_Services()'><b>Customer_Services</b><br>Test class: Customer_Portal.Portal_Test</td>
<td><div><pre>org.openqa.selenium.InvalidSelectorException: invalid selector: Unable to locate an element with the xpath expression .//*[text()=&apos;Success! This meter number is now disconnected. because of the following error:
SyntaxError: Failed to execute &apos;evaluate&apos; on &apos;Document&apos;: The string &apos;.//*[text()=&apos;Success! This meter number is now disconnected.&apos; is not a valid XPath expression.
  (Session info: chrome=98.0.4758.81)
  (Driver info: chromedriver=2.36.540470 (e522d04694c7ebea4ba8821272dbef4f9b818c91),platform=Windows NT 6.3.9600 x86_64) (WARNING: The server did not provide any stacktrace information)
Command duration or timeout: 53 milliseconds
For documentation on this error, please visit: http://seleniumhq.org/exceptions/invalid_selector_exception.html
Build info: version: &apos;3.0.1&apos;, revision: &apos;1969d75&apos;, time: &apos;2016-10-18 09:49:13 -0700&apos;
System info: host: &apos;HPENVY&apos;, ip: &apos;172.16.5.221&apos;, os.name: &apos;Windows 8.1&apos;, os.arch: &apos;amd64&apos;, os.version: &apos;6.3&apos;, java.version: &apos;1.8.0_171&apos;
Driver info: org.openqa.selenium.chrome.ChromeDriver
Capabilities [{applicationCacheEnabled=false, rotatable=false, mobileEmulationEnabled=false, networkConnectionEnabled=false, chrome={chromedriverVersion=2.36.540470 (e522d04694c7ebea4ba8821272dbef4f9b818c91), userDataDir=C:\Users\Tester\AppData\Local\Temp\scoped_dir3056_31222}, takesHeapSnapshot=true, pageLoadStrategy=normal, databaseEnabled=false, handlesAlerts=true, hasTouchScreen=false, version=98.0.4758.81, platform=WIN8_1, browserConnectionEnabled=false, nativeEvents=true, acceptSslCerts=false, acceptInsecureCerts=false, locationContextEnabled=true, webStorageEnabled=true, browserName=chrome, takesScreenshot=true, javascriptEnabled=true, cssSelectorsEnabled=true, setWindowRect=true, unexpectedAlertBehaviour=}]
Session ID: 4ecdf9917c5588c5fdc974b01e58ce7c
*** Element info: {Using=xpath, value=.//*[text()=&apos;Success! This meter number is now disconnected.}
	at org.openqa.selenium.remote.ErrorHandler.createThrowable(ErrorHandler.java:216)
	at org.openqa.selenium.remote.ErrorHandler.throwIfResponseFailed(ErrorHandler.java:168)
	at org.openqa.selenium.remote.RemoteWebDriver.execute(RemoteWebDriver.java:635)
	at org.openqa.selenium.remote.RemoteWebDriver.findElement(RemoteWebDriver.java:368)
	at org.openqa.selenium.remote.RemoteWebDriver.findElementByXPath(RemoteWebDriver.java:473)
	at org.openqa.selenium.By$ByXPath.findElement(By.java:361)
	at org.openqa.selenium.remote.RemoteWebDriver.findElement(RemoteWebDriver.java:360)
	at Customer_Portal.Portal_Test.Customer_Services(Portal_Test.java:499)
... Removed 28 stack frames</pre></div><a href='#' onClick='toggleBox("stack-trace1758008124", this, "Click to show all stack frames", "Click to hide stack frames")'>Click to show all stack frames</a>
<div class='stack-trace' id='stack-trace1758008124'><pre>org.openqa.selenium.InvalidSelectorException: invalid selector: Unable to locate an element with the xpath expression .//*[text()=&apos;Success! This meter number is now disconnected. because of the following error:
SyntaxError: Failed to execute &apos;evaluate&apos; on &apos;Document&apos;: The string &apos;.//*[text()=&apos;Success! This meter number is now disconnected.&apos; is not a valid XPath expression.
  (Session info: chrome=98.0.4758.81)
  (Driver info: chromedriver=2.36.540470 (e522d04694c7ebea4ba8821272dbef4f9b818c91),platform=Windows NT 6.3.9600 x86_64) (WARNING: The server did not provide any stacktrace information)
Command duration or timeout: 53 milliseconds
For documentation on this error, please visit: http://seleniumhq.org/exceptions/invalid_selector_exception.html
Build info: version: &apos;3.0.1&apos;, revision: &apos;1969d75&apos;, time: &apos;2016-10-18 09:49:13 -0700&apos;
System info: host: &apos;HPENVY&apos;, ip: &apos;172.16.5.221&apos;, os.name: &apos;Windows 8.1&apos;, os.arch: &apos;amd64&apos;, os.version: &apos;6.3&apos;, java.version: &apos;1.8.0_171&apos;
Driver info: org.openqa.selenium.chrome.ChromeDriver
Capabilities [{applicationCacheEnabled=false, rotatable=false, mobileEmulationEnabled=false, networkConnectionEnabled=false, chrome={chromedriverVersion=2.36.540470 (e522d04694c7ebea4ba8821272dbef4f9b818c91), userDataDir=C:\Users\Tester\AppData\Local\Temp\scoped_dir3056_31222}, takesHeapSnapshot=true, pageLoadStrategy=normal, databaseEnabled=false, handlesAlerts=true, hasTouchScreen=false, version=98.0.4758.81, platform=WIN8_1, browserConnectionEnabled=false, nativeEvents=true, acceptSslCerts=false, acceptInsecureCerts=false, locationContextEnabled=true, webStorageEnabled=true, browserName=chrome, takesScreenshot=true, javascriptEnabled=true, cssSelectorsEnabled=true, setWindowRect=true, unexpectedAlertBehaviour=}]
Session ID: 4ecdf9917c5588c5fdc974b01e58ce7c
*** Element info: {Using=xpath, value=.//*[text()=&apos;Success! This meter number is now disconnected.}
	at sun.reflect.NativeConstructorAccessorImpl.newInstance0(Native Method)
	at sun.reflect.NativeConstructorAccessorImpl.newInstance(Unknown Source)
	at sun.reflect.DelegatingConstructorAccessorImpl.newInstance(Unknown Source)
	at java.lang.reflect.Constructor.newInstance(Unknown Source)
	at org.openqa.selenium.remote.ErrorHandler.createThrowable(ErrorHandler.java:216)
	at org.openqa.selenium.remote.ErrorHandler.throwIfResponseFailed(ErrorHandler.java:168)
	at org.openqa.selenium.remote.RemoteWebDriver.execute(RemoteWebDriver.java:635)
	at org.openqa.selenium.remote.RemoteWebDriver.findElement(RemoteWebDriver.java:368)
	at org.openqa.selenium.remote.RemoteWebDriver.findElementByXPath(RemoteWebDriver.java:473)
	at org.openqa.selenium.By$ByXPath.findElement(By.java:361)
	at org.openqa.selenium.remote.RemoteWebDriver.findElement(RemoteWebDriver.java:360)
	at Customer_Portal.Portal_Test.Customer_Services(Portal_Test.java:499)
	at sun.reflect.NativeMethodAccessorImpl.invoke0(Native Method)
	at sun.reflect.NativeMethodAccessorImpl.invoke(Unknown Source)
	at sun.reflect.DelegatingMethodAccessorImpl.invoke(Unknown Source)
	at java.lang.reflect.Method.invoke(Unknown Source)
	at org.testng.internal.MethodInvocationHelper.invokeMethod(MethodInvocationHelper.java:80)
	at org.testng.internal.Invoker.invokeMethod(Invoker.java:714)
	at org.testng.internal.Invoker.invokeTestMethod(Invoker.java:901)
	at org.testng.internal.Invoker.invokeTestMethods(Invoker.java:1231)
	at org.testng.internal.TestMethodWorker.invokeTestMethods(TestMethodWorker.java:127)
	at org.testng.internal.TestMethodWorker.run(TestMethodWorker.java:111)
	at org.testng.TestRunner.privateRun(TestRunner.java:767)
	at org.testng.TestRunner.run(TestRunner.java:617)
	at org.testng.SuiteRunner.runTest(SuiteRunner.java:334)
	at org.testng.SuiteRunner.runSequentially(SuiteRunner.java:329)
	at org.testng.SuiteRunner.privateRun(SuiteRunner.java:291)
	at org.testng.SuiteRunner.run(SuiteRunner.java:240)
	at org.testng.SuiteRunnerWorker.runSuite(SuiteRunnerWorker.java:52)
	at org.testng.SuiteRunnerWorker.run(SuiteRunnerWorker.java:86)
	at org.testng.TestNG.runSuitesSequentially(TestNG.java:1198)
	at org.testng.TestNG.runSuitesLocally(TestNG.java:1123)
	at org.testng.TestNG.run(TestNG.java:1031)
	at org.testng.remote.AbstractRemoteTestNG.run(AbstractRemoteTestNG.java:114)
	at org.testng.remote.RemoteTestNG.initAndRun(RemoteTestNG.java:251)
	at org.testng.remote.RemoteTestNG.main(RemoteTestNG.java:77)
</pre></div></td>
<td>19</td>
<td>Customer_Portal.Portal_Test@5b275dab</td></tr>
</table><p>
<table width='100%' border='1' class='invocation-passed'>
<tr><td colspan='4' align='center'><b>PASSED TESTS</b></td></tr>
<tr><td><b>Test method</b></td>
<td width="30%"><b>Exception</b></td>
<td width="10%"><b>Time (seconds)</b></td>
<td><b>Instance</b></td>
</tr>
<tr>
<td title='Customer_Portal.Portal_Test.Add_Reads()'><b>Add_Reads</b><br>Test class: Customer_Portal.Portal_Test</td>
<td></td>
<td>118</td>
<td>Customer_Portal.Portal_Test@5b275dab</td></tr>
<tr>
<td title='Customer_Portal.Portal_Test.Add_Services()'><b>Add_Services</b><br>Test class: Customer_Portal.Portal_Test</td>
<td></td>
<td>20</td>
<td>Customer_Portal.Portal_Test@5b275dab</td></tr>
<tr>
<td title='Customer_Portal.Portal_Test.Bill_Run()'><b>Bill_Run</b><br>Test class: Customer_Portal.Portal_Test</td>
<td></td>
<td>83</td>
<td>Customer_Portal.Portal_Test@5b275dab</td></tr>
<tr>
<td title='Customer_Portal.Portal_Test.Bill_Run_Cycle()'><b>Bill_Run_Cycle</b><br>Test class: Customer_Portal.Portal_Test</td>
<td></td>
<td>16</td>
<td>Customer_Portal.Portal_Test@5b275dab</td></tr>
<tr>
<td title='Customer_Portal.Portal_Test.Contact_US()'><b>Contact_US</b><br>Test class: Customer_Portal.Portal_Test</td>
<td></td>
<td>19</td>
<td>Customer_Portal.Portal_Test@5b275dab</td></tr>
<tr>
<td title='Customer_Portal.Portal_Test.Create_Customer()'><b>Create_Customer</b><br>Test class: Customer_Portal.Portal_Test</td>
<td></td>
<td>34</td>
<td>Customer_Portal.Portal_Test@5b275dab</td></tr>
<tr>
<td title='Customer_Portal.Portal_Test.Customer_Charges()'><b>Customer_Charges</b><br>Test class: Customer_Portal.Portal_Test</td>
<td></td>
<td>8</td>
<td>Customer_Portal.Portal_Test@5b275dab</td></tr>
<tr>
<td title='Customer_Portal.Portal_Test.Customer_Portal_Menu()'><b>Customer_Portal_Menu</b><br>Test class: Customer_Portal.Portal_Test</td>
<td></td>
<td>20</td>
<td>Customer_Portal.Portal_Test@5b275dab</td></tr>
<tr>
<td title='Customer_Portal.Portal_Test.Customer_Service_Settings()'><b>Customer_Service_Settings</b><br>Test class: Customer_Portal.Portal_Test</td>
<td></td>
<td>9</td>
<td>Customer_Portal.Portal_Test@5b275dab</td></tr>
<tr>
<td title='Customer_Portal.Portal_Test.Customer_Statements()'><b>Customer_Statements</b><br>Test class: Customer_Portal.Portal_Test</td>
<td></td>
<td>16</td>
<td>Customer_Portal.Portal_Test@5b275dab</td></tr>
<tr>
<td title='Customer_Portal.Portal_Test.Customer_Transactions()'><b>Customer_Transactions</b><br>Test class: Customer_Portal.Portal_Test</td>
<td></td>
<td>1</td>
<td>Customer_Portal.Portal_Test@5b275dab</td></tr>
<tr>
<td title='Customer_Portal.Portal_Test.Customer_Usage_Profile()'><b>Customer_Usage_Profile</b><br>Test class: Customer_Portal.Portal_Test</td>
<td></td>
<td>17</td>
<td>Customer_Portal.Portal_Test@5b275dab</td></tr>
<tr>
<td title='Customer_Portal.Portal_Test.DisablE_Customer_Portal_Services()'><b>DisablE_Customer_Portal_Services</b><br>Test class: Customer_Portal.Portal_Test</td>
<td></td>
<td>99</td>
<td>Customer_Portal.Portal_Test@5b275dab</td></tr>
<tr>
<td title='Customer_Portal.Portal_Test.Help_And_FAQ()'><b>Help_And_FAQ</b><br>Test class: Customer_Portal.Portal_Test</td>
<td></td>
<td>18</td>
<td>Customer_Portal.Portal_Test@5b275dab</td></tr>
<tr>
<td title='Customer_Portal.Portal_Test.Login_Customer_Portal()'><b>Login_Customer_Portal</b><br>Test class: Customer_Portal.Portal_Test</td>
<td></td>
<td>26</td>
<td>Customer_Portal.Portal_Test@5b275dab</td></tr>
<tr>
<td title='Customer_Portal.Portal_Test.enablE_Customer_Portal_Services()'><b>enablE_Customer_Portal_Services</b><br>Test class: Customer_Portal.Portal_Test</td>
<td></td>
<td>65</td>
<td>Customer_Portal.Portal_Test@5b275dab</td></tr>
</table><p>
</body>
</html>